<?xml version="1.0" encoding="UTF-8"?>
<!-- Generated by org.testng.reporters.JUnitXMLReporter -->
<testsuite hostname="Fairydragon" name="test" tests="4" failures="0" timestamp="29 Nov 2018 00:39:37 GMT" time="47.329" errors="0">
  <testcase name="loginTest" time="15.15" classname="amazon.site.tests.AmazonSiteTest"/>
  <testcase name="searchItemTest" time="24.549" classname="amazon.site.tests.AmazonSiteTest"/>
  <testcase name="addToCartTest" time="5.177" classname="amazon.site.tests.AmazonSiteTest"/>
  <testcase name="deleteFromBasketAndSignOut" time="2.434" classname="amazon.site.tests.AmazonSiteTest"/>
</testsuite> <!-- test -->
