<?xml version="1.0" encoding="UTF-8"?>
<!-- Generated by org.testng.reporters.JUnitXMLReporter -->
<testsuite hostname="Fairydragon" name="test" tests="4" failures="0" timestamp="8 Dec 2018 23:53:56 GMT" time="44.396" errors="0">
  <testcase name="loginTest" time="18.648" classname="amazon.site.tests.AmazonSiteTest"/>
  <testcase name="searchItemTest" time="14.704" classname="amazon.site.tests.AmazonSiteTest"/>
  <testcase name="addToCartTest" time="8.129" classname="amazon.site.tests.AmazonSiteTest"/>
  <testcase name="deleteFromBasketAndSignOut" time="2.895" classname="amazon.site.tests.AmazonSiteTest"/>
</testsuite> <!-- test -->
